SF:lib\models\endereco.dart
DA:8,2
DA:16,2
DA:17,2
DA:18,2
DA:19,2
DA:20,2
DA:21,2
DA:22,2
LF:8
LH:8
end_of_record
SF:lib\models\funcionario.dart
DA:15,1
DA:28,1
DA:29,1
DA:30,1
DA:31,1
DA:32,1
DA:33,1
DA:34,1
DA:35,1
DA:36,2
DA:37,2
DA:38,1
DA:39,1
DA:40,2
LF:14
LH:14
end_of_record
SF:lib\models\insumo.dart
DA:7,2
DA:14,2
DA:15,2
DA:16,2
DA:17,2
DA:18,2
DA:19,2
DA:23,1
DA:24,1
DA:25,1
DA:26,1
DA:27,1
DA:28,1
LF:13
LH:13
end_of_record
SF:lib\models\pedidos.dart
DA:7,1
DA:14,1
DA:15,1
DA:16,1
DA:17,2
DA:18,1
DA:19,2
LF:7
LH:7
end_of_record
SF:lib\models\produto_insumo.dart
DA:12,1
DA:21,1
DA:22,1
DA:23,1
DA:24,1
DA:25,1
DA:26,1
DA:27,3
DA:28,3
DA:32,0
DA:33,0
DA:34,0
DA:35,0
DA:36,0
DA:37,0
LF:15
LH:9
end_of_record
SF:lib\models\produto.dart
DA:8,2
DA:16,2
DA:17,2
DA:18,2
DA:19,2
DA:20,2
DA:21,2
DA:22,2
LF:8
LH:8
end_of_record
SF:lib\models\produto_pedido.dart
DA:6,1
DA:12,1
DA:13,1
DA:14,2
DA:15,1
DA:16,2
LF:6
LH:6
end_of_record
